<?xml version="1.0" encoding="UTF-8"?>
<testsuite name="MatrixMultBlackBoxTest" time="0.03" tests="2" errors="0" skipped="0" failures="2">
  <properties>
[...]
</properties>
  <testcase name="test_blackbox[Case1]" classname="MatrixMultBlackBoxTest" time="0.028">
    <failure message="expected:&lt;[1  4  9&#10;16  25  36&#10;49  64  81]&gt; but was:&lt;[]&gt;" type="org.junit.ComparisonFailure"><![CDATA[org.junit.ComparisonFailure: expected:<[1  4  9
16  25  36
49  64  81]> but was:<[]>
	at org.junit.Assert.assertEquals(Assert.java:115)
	at org.junit.Assert.assertEquals(Assert.java:144)
	at MatrixMultBlackBoxTest.test_blackbox(MatrixMultBlackBoxTest.java:84)
]]></failure>
  </testcase>
  <testcase name="test_blackbox[Case2]" classname="MatrixMultBlackBoxTest" time="0.002">
    <failure message="expected:&lt;[1  4  9&#10;16  25  36&#10;49  64  81]&gt; but was:&lt;[Val is 1&#10;Val is 2&#10;Val is 3&#10;Val is 4&#10;Val is 5&#10;Val is 6&#10;Val is 7&#10;Val is 8&#10;Val is 9&#10;Val is 1&#10;Val is 2&#10;Val is 3&#10;Val is 4&#10;Val is 5&#10;Val is 6&#10;Val is 7&#10;Val is 8&#10;Val is 9&#10;]&gt;" type="org.junit.ComparisonFailure"><![CDATA[org.junit.ComparisonFailure: expected:<[1  4  9
16  25  36
49  64  81]> but was:<[Val is 1
Val is 2
Val is 3
Val is 4
Val is 5
Val is 6
Val is 7
Val is 8
Val is 9
Val is 1
Val is 2
Val is 3
Val is 4
Val is 5
Val is 6
Val is 7
Val is 8
Val is 9
]>
	at org.junit.Assert.assertEquals(Assert.java:115)
	at org.junit.Assert.assertEquals(Assert.java:144)
	at MatrixMultBlackBoxTest.test_blackbox(MatrixMultBlackBoxTest.java:84)
]]></failure>
  </testcase>
</testsuite>